[15:59:07] [main/INFO]: Environment: authHost='https://authserver.mojang.com', accountsHost='https://api.mojang.com', sessionHost='https://sessionserver.mojang.com', name='PROD'
[15:59:12] [main/INFO]: Reloading ResourceManager: Default, bukkit
[15:59:16] [Server-Worker-2/INFO]: Loaded 7 recipes
[15:59:25] [Server thread/INFO]: Starting minecraft server version 1.16.1
[15:59:25] [Server thread/INFO]: Loading properties
[15:59:26] [Server thread/INFO]: This server is running Paper version git-Paper-91 (MC: 1.16.1) (Implementing API version 1.16.1-R0.1-SNAPSHOT)
[15:59:27] [Server thread/INFO]: Server Ping Player Sample Count: 12
[15:59:27] [Server thread/INFO]: Using 4 threads for Netty based IO
[15:59:27] [Server thread/INFO]: Debug logging is disabled
[15:59:27] [Server thread/INFO]: Default game type: SURVIVAL
[15:59:27] [Server thread/INFO]: Generating keypair
[15:59:29] [Server thread/INFO]: Starting Minecraft server on *:1025
[15:59:29] [Server thread/INFO]: Using epoll channel type
[15:59:31] [Server thread/INFO]: Server permissions file permissions.yml is empty, ignoring it
[15:59:31] [Server thread/INFO]: Preparing level "world"
[15:59:31] [Server thread/INFO]: -------- World Settings For [world] --------
[15:59:31] [Server thread/INFO]: Experience Merge Radius: 3.0
[15:59:31] [Server thread/INFO]: Cactus Growth Modifier: 100%
[15:59:31] [Server thread/INFO]: Cane Growth Modifier: 100%
[15:59:31] [Server thread/INFO]: Melon Growth Modifier: 100%
[15:59:31] [Server thread/INFO]: Mushroom Growth Modifier: 100%
[15:59:31] [Server thread/INFO]: Pumpkin Growth Modifier: 100%
[15:59:31] [Server thread/INFO]: Sapling Growth Modifier: 100%
[15:59:31] [Server thread/INFO]: Beetroot Growth Modifier: 100%
[15:59:31] [Server thread/INFO]: Carrot Growth Modifier: 100%
[15:59:31] [Server thread/INFO]: Potato Growth Modifier: 100%
[15:59:31] [Server thread/INFO]: Wheat Growth Modifier: 100%
[15:59:31] [Server thread/INFO]: NetherWart Growth Modifier: 100%
[15:59:31] [Server thread/INFO]: Vine Growth Modifier: 100%
[15:59:31] [Server thread/INFO]: Cocoa Growth Modifier: 100%
[15:59:31] [Server thread/INFO]: Bamboo Growth Modifier: 100%
[15:59:31] [Server thread/INFO]: SweetBerry Growth Modifier: 100%
[15:59:31] [Server thread/INFO]: Kelp Growth Modifier: 100%
[15:59:31] [Server thread/INFO]: Entity Activation Range: An 32 / Mo 32 / Ra 48 / Mi 16 / Tiv true
[15:59:31] [Server thread/INFO]: Hopper Transfer: 8 Hopper Check: 1 Hopper Amount: 1
[15:59:31] [Server thread/INFO]: Custom Map Seeds:  Village: 10387312 Desert: 14357617 Igloo: 14357618 Jungle: 14357619 Swamp: 14357620 Monument: 10387313 Ocean: 14357621 Shipwreck: 165745295 End City: 10387313 Slime: 987234911 Bastion: 30084232 Fortress: 30084232 Mansion: 10387319 Fossil: 14357921 Portal: 34222645
[15:59:31] [Server thread/INFO]: Max TNT Explosions: 100
[15:59:31] [Server thread/INFO]: Tile Max Tick Time: 50ms Entity max Tick Time: 50ms
[15:59:31] [Server thread/INFO]: Entity Tracking Range: Pl 48 / An 48 / Mo 48 / Mi 32 / Other 64
[15:59:31] [Server thread/INFO]: Allow Zombie Pigmen to spawn from portal blocks: true
[15:59:31] [Server thread/INFO]: Item Merge Radius: 2.5
[15:59:31] [Server thread/INFO]: Item Despawn Rate: 6000
[15:59:31] [Server thread/INFO]: View Distance: 10
[15:59:31] [Server thread/INFO]: Arrow Despawn Rate: 1200 Trident Respawn Rate:1200
[15:59:31] [Server thread/INFO]: Zombie Aggressive Towards Villager: true
[15:59:31] [Server thread/INFO]: Nerfing mobs spawned from spawners: false
[15:59:31] [Server thread/INFO]: Mob Spawn Range: 8
[15:59:34] [Server thread/INFO]: -------- World Settings For [world_nether] --------
[15:59:34] [Server thread/INFO]: Experience Merge Radius: 3.0
[15:59:34] [Server thread/INFO]: Cactus Growth Modifier: 100%
[15:59:34] [Server thread/INFO]: Cane Growth Modifier: 100%
[15:59:34] [Server thread/INFO]: Melon Growth Modifier: 100%
[15:59:34] [Server thread/INFO]: Mushroom Growth Modifier: 100%
[15:59:34] [Server thread/INFO]: Pumpkin Growth Modifier: 100%
[15:59:34] [Server thread/INFO]: Sapling Growth Modifier: 100%
[15:59:34] [Server thread/INFO]: Beetroot Growth Modifier: 100%
[15:59:34] [Server thread/INFO]: Carrot Growth Modifier: 100%
[15:59:34] [Server thread/INFO]: Potato Growth Modifier: 100%
[15:59:34] [Server thread/INFO]: Wheat Growth Modifier: 100%
[15:59:34] [Server thread/INFO]: NetherWart Growth Modifier: 100%
[15:59:34] [Server thread/INFO]: Vine Growth Modifier: 100%
[15:59:34] [Server thread/INFO]: Cocoa Growth Modifier: 100%
[15:59:34] [Server thread/INFO]: Bamboo Growth Modifier: 100%
[15:59:34] [Server thread/INFO]: SweetBerry Growth Modifier: 100%
[15:59:34] [Server thread/INFO]: Kelp Growth Modifier: 100%
[15:59:34] [Server thread/INFO]: Entity Activation Range: An 32 / Mo 32 / Ra 48 / Mi 16 / Tiv true
[15:59:34] [Server thread/INFO]: Hopper Transfer: 8 Hopper Check: 1 Hopper Amount: 1
[15:59:34] [Server thread/INFO]: Custom Map Seeds:  Village: 10387312 Desert: 14357617 Igloo: 14357618 Jungle: 14357619 Swamp: 14357620 Monument: 10387313 Ocean: 14357621 Shipwreck: 165745295 End City: 10387313 Slime: 987234911 Bastion: 30084232 Fortress: 30084232 Mansion: 10387319 Fossil: 14357921 Portal: 34222645
[15:59:34] [Server thread/INFO]: Max TNT Explosions: 100
[15:59:34] [Server thread/INFO]: Tile Max Tick Time: 50ms Entity max Tick Time: 50ms
[15:59:34] [Server thread/INFO]: Entity Tracking Range: Pl 48 / An 48 / Mo 48 / Mi 32 / Other 64
[15:59:34] [Server thread/INFO]: Allow Zombie Pigmen to spawn from portal blocks: true
[15:59:34] [Server thread/INFO]: Item Merge Radius: 2.5
[15:59:34] [Server thread/INFO]: Item Despawn Rate: 6000
[15:59:34] [Server thread/INFO]: View Distance: 10
[15:59:34] [Server thread/INFO]: Arrow Despawn Rate: 1200 Trident Respawn Rate:1200
[15:59:34] [Server thread/INFO]: Zombie Aggressive Towards Villager: true
[15:59:34] [Server thread/INFO]: Nerfing mobs spawned from spawners: false
[15:59:34] [Server thread/INFO]: Mob Spawn Range: 8
[15:59:34] [Server thread/INFO]: -------- World Settings For [world_the_end] --------
[15:59:34] [Server thread/INFO]: Experience Merge Radius: 3.0
[15:59:34] [Server thread/INFO]: Cactus Growth Modifier: 100%
[15:59:34] [Server thread/INFO]: Cane Growth Modifier: 100%
[15:59:34] [Server thread/INFO]: Melon Growth Modifier: 100%
[15:59:34] [Server thread/INFO]: Mushroom Growth Modifier: 100%
[15:59:34] [Server thread/INFO]: Pumpkin Growth Modifier: 100%
[15:59:34] [Server thread/INFO]: Sapling Growth Modifier: 100%
[15:59:34] [Server thread/INFO]: Beetroot Growth Modifier: 100%
[15:59:34] [Server thread/INFO]: Carrot Growth Modifier: 100%
[15:59:34] [Server thread/INFO]: Potato Growth Modifier: 100%
[15:59:34] [Server thread/INFO]: Wheat Growth Modifier: 100%
[15:59:34] [Server thread/INFO]: NetherWart Growth Modifier: 100%
[15:59:34] [Server thread/INFO]: Vine Growth Modifier: 100%
[15:59:34] [Server thread/INFO]: Cocoa Growth Modifier: 100%
[15:59:34] [Server thread/INFO]: Bamboo Growth Modifier: 100%
[15:59:34] [Server thread/INFO]: SweetBerry Growth Modifier: 100%
[15:59:34] [Server thread/INFO]: Kelp Growth Modifier: 100%
[15:59:34] [Server thread/INFO]: Entity Activation Range: An 32 / Mo 32 / Ra 48 / Mi 16 / Tiv true
[15:59:34] [Server thread/INFO]: Hopper Transfer: 8 Hopper Check: 1 Hopper Amount: 1
[15:59:34] [Server thread/INFO]: Custom Map Seeds:  Village: 10387312 Desert: 14357617 Igloo: 14357618 Jungle: 14357619 Swamp: 14357620 Monument: 10387313 Ocean: 14357621 Shipwreck: 165745295 End City: 10387313 Slime: 987234911 Bastion: 30084232 Fortress: 30084232 Mansion: 10387319 Fossil: 14357921 Portal: 34222645
[15:59:34] [Server thread/INFO]: Max TNT Explosions: 100
[15:59:34] [Server thread/INFO]: Tile Max Tick Time: 50ms Entity max Tick Time: 50ms
[15:59:34] [Server thread/INFO]: Entity Tracking Range: Pl 48 / An 48 / Mo 48 / Mi 32 / Other 64
[15:59:34] [Server thread/INFO]: Allow Zombie Pigmen to spawn from portal blocks: true
[15:59:34] [Server thread/INFO]: Item Merge Radius: 2.5
[15:59:34] [Server thread/INFO]: Item Despawn Rate: 6000
[15:59:34] [Server thread/INFO]: View Distance: 10
[15:59:34] [Server thread/INFO]: Arrow Despawn Rate: 1200 Trident Respawn Rate:1200
[15:59:34] [Server thread/INFO]: Zombie Aggressive Towards Villager: true
[15:59:34] [Server thread/INFO]: Nerfing mobs spawned from spawners: false
[15:59:34] [Server thread/INFO]: Mob Spawn Range: 8
[15:59:34] [Server thread/INFO]: Preparing start region for dimension minecraft:overworld
[15:59:38] [Server thread/INFO]: Preparing spawn area: 0%
[15:59:38] [Server thread/INFO]: Preparing spawn area: 0%
[15:59:38] [Server thread/INFO]: Preparing spawn area: 0%
[15:59:38] [Server thread/INFO]: Preparing spawn area: 0%
[15:59:38] [Server thread/INFO]: Preparing spawn area: 0%
[15:59:38] [Server thread/INFO]: Preparing spawn area: 0%
[15:59:38] [Server thread/INFO]: Preparing spawn area: 0%
[15:59:38] [Server thread/INFO]: Preparing spawn area: 0%
[15:59:38] [Server thread/INFO]: Preparing spawn area: 0%
[15:59:39] [Server thread/INFO]: Preparing spawn area: 0%
[15:59:39] [Server thread/INFO]: Preparing spawn area: 0%
[15:59:40] [Server thread/INFO]: Preparing spawn area: 0%
[15:59:40] [Server thread/INFO]: Preparing spawn area: 0%
[15:59:41] [Server thread/INFO]: Preparing spawn area: 0%
[15:59:41] [Server thread/INFO]: Preparing spawn area: 1%
[15:59:43] [Server thread/INFO]: Preparing spawn area: 1%
[15:59:43] [Server thread/INFO]: Preparing spawn area: 1%
[15:59:43] [Server thread/INFO]: Preparing spawn area: 2%
[15:59:43] [Server thread/INFO]: Preparing spawn area: 2%
[15:59:44] [Server thread/INFO]: Preparing spawn area: 5%
[15:59:44] [Server thread/INFO]: Preparing spawn area: 8%
[15:59:45] [Server thread/INFO]: Preparing spawn area: 15%
[15:59:45] [Server thread/INFO]: Preparing spawn area: 20%
[15:59:46] [Server thread/INFO]: Preparing spawn area: 23%
[15:59:46] [Server thread/INFO]: Preparing spawn area: 23%
[15:59:47] [Server thread/INFO]: Preparing spawn area: 29%
[15:59:47] [Server thread/INFO]: Preparing spawn area: 31%
[15:59:48] [Server thread/INFO]: Preparing spawn area: 33%
[15:59:48] [Server thread/INFO]: Preparing spawn area: 34%
[15:59:49] [Server thread/INFO]: Preparing spawn area: 35%
[15:59:49] [Server thread/INFO]: Preparing spawn area: 40%
[15:59:50] [Server thread/INFO]: Preparing spawn area: 50%
[15:59:50] [Server thread/INFO]: Preparing spawn area: 75%
[16:00:06] [Server-Worker-2/INFO]: Preparing spawn area: 100%
[16:00:06] [Server-Worker-2/INFO]: Preparing spawn area: 100%
[16:00:06] [Server-Worker-2/INFO]: Preparing spawn area: 100%
[16:00:06] [Server-Worker-2/INFO]: Preparing spawn area: 100%
[16:00:06] [Server-Worker-2/INFO]: Preparing spawn area: 100%
[16:00:06] [Server-Worker-2/INFO]: Preparing spawn area: 100%
[16:00:06] [Server-Worker-2/INFO]: Preparing spawn area: 100%
[16:00:06] [Server-Worker-2/INFO]: Preparing spawn area: 100%
[16:00:07] [Server-Worker-2/INFO]: Preparing spawn area: 100%
[16:00:07] [Server-Worker-2/INFO]: Preparing spawn area: 100%
[16:00:07] [Server-Worker-2/INFO]: Preparing spawn area: 100%
[16:00:07] [Server-Worker-2/INFO]: Preparing spawn area: 100%
[16:00:07] [Server-Worker-2/INFO]: Preparing spawn area: 100%
[16:00:07] [Server-Worker-2/INFO]: Preparing spawn area: 100%
[16:00:07] [Server-Worker-2/INFO]: Preparing spawn area: 100%
[16:00:07] [Server-Worker-2/INFO]: Preparing spawn area: 100%
[16:00:07] [Server-Worker-2/INFO]: Preparing spawn area: 100%
[16:00:07] [Server-Worker-2/INFO]: Preparing spawn area: 100%
[16:00:07] [Server-Worker-2/INFO]: Preparing spawn area: 100%
[16:00:07] [Server-Worker-2/INFO]: Preparing spawn area: 100%
[16:00:07] [Server-Worker-2/INFO]: Preparing spawn area: 100%
[16:00:07] [Server-Worker-2/INFO]: Preparing spawn area: 100%
[16:00:07] [Server-Worker-2/INFO]: Preparing spawn area: 100%
[16:00:07] [Server-Worker-2/INFO]: Preparing spawn area: 100%
[16:00:07] [Server-Worker-2/INFO]: Preparing spawn area: 100%
[16:00:07] [Server-Worker-2/INFO]: Preparing spawn area: 100%
[16:00:07] [Server-Worker-2/INFO]: Preparing spawn area: 100%
[16:00:07] [Server-Worker-2/INFO]: Preparing spawn area: 100%
[16:00:07] [Server-Worker-2/INFO]: Preparing spawn area: 100%
[16:00:07] [Server-Worker-2/INFO]: Preparing spawn area: 100%
[16:00:07] [Server-Worker-2/INFO]: Preparing spawn area: 100%
[16:00:07] [Server-Worker-2/INFO]: Preparing spawn area: 100%
[16:00:07] [Server-Worker-2/INFO]: Preparing spawn area: 100%
[16:00:09] [Server-Worker-2/INFO]: Preparing spawn area: 100%
[16:00:09] [Server-Worker-2/INFO]: Preparing spawn area: 100%
[16:00:09] [Server-Worker-2/INFO]: Preparing spawn area: 100%
[16:00:09] [Server-Worker-2/INFO]: Preparing spawn area: 100%
[16:00:09] [Server-Worker-2/INFO]: Preparing spawn area: 100%
[16:00:10] [Server-Worker-2/INFO]: Preparing spawn area: 100%
[16:00:10] [Server-Worker-2/INFO]: Preparing spawn area: 100%
[16:00:11] [Server-Worker-2/INFO]: Preparing spawn area: 100%
[16:00:15] [Server-Worker-2/INFO]: Preparing spawn area: 100%
[16:00:15] [Server-Worker-2/INFO]: Preparing spawn area: 100%
[16:00:15] [Server-Worker-2/INFO]: Preparing spawn area: 100%
[16:00:15] [Server-Worker-2/INFO]: Preparing spawn area: 100%
[16:00:15] [Server-Worker-2/INFO]: Preparing spawn area: 100%
[16:00:15] [Server-Worker-2/INFO]: Preparing spawn area: 100%
[16:00:15] [Server-Worker-2/INFO]: Preparing spawn area: 100%
[16:00:15] [Server-Worker-2/INFO]: Preparing spawn area: 100%
[16:00:15] [Server-Worker-2/INFO]: Preparing spawn area: 100%
[16:00:16] [Server-Worker-2/INFO]: Preparing spawn area: 100%
[16:00:16] [Server-Worker-2/INFO]: Preparing spawn area: 100%
[16:00:18] [Server-Worker-2/INFO]: Preparing spawn area: 100%
[16:00:18] [Server-Worker-2/INFO]: Preparing spawn area: 100%
[16:00:18] [Server-Worker-2/INFO]: Preparing spawn area: 100%
[16:00:18] [Server-Worker-2/INFO]: Preparing spawn area: 100%
[16:00:19] [Server-Worker-2/INFO]: Preparing spawn area: 100%
[16:00:22] [Server-Worker-2/INFO]: Preparing spawn area: 100%
[16:00:22] [Server-Worker-2/INFO]: Preparing spawn area: 100%
[16:00:22] [Server-Worker-2/INFO]: Preparing spawn area: 100%
[16:00:23] [Server-Worker-2/INFO]: Preparing spawn area: 100%
[16:00:23] [Server-Worker-2/INFO]: Preparing spawn area: 100%
[16:00:23] [Server-Worker-2/INFO]: Preparing spawn area: 100%
[16:00:23] [Server-Worker-2/INFO]: Preparing spawn area: 100%
[16:00:23] [Server-Worker-2/INFO]: Preparing spawn area: 100%
[16:00:24] [Server-Worker-2/INFO]: Preparing spawn area: 100%
[16:00:24] [Server-Worker-2/INFO]: Preparing spawn area: 100%
[16:00:24] [Server-Worker-2/INFO]: Preparing spawn area: 100%
[16:00:25] [Server-Worker-2/INFO]: Preparing spawn area: 100%
[16:00:25] [Server-Worker-2/INFO]: Preparing spawn area: 100%
[16:00:26] [Server-Worker-2/INFO]: Preparing spawn area: 100%
[16:00:26] [Server-Worker-2/INFO]: Preparing spawn area: 100%
[16:00:27] [Server-Worker-2/INFO]: Preparing spawn area: 100%
[16:00:27] [Server-Worker-2/INFO]: Preparing spawn area: 100%
[16:00:28] [Server-Worker-2/INFO]: Preparing spawn area: 100%
[16:00:28] [Server-Worker-2/INFO]: Preparing spawn area: 100%
[16:00:29] [Server-Worker-2/INFO]: Preparing spawn area: 100%
[16:00:29] [Server-Worker-2/INFO]: Preparing spawn area: 100%
[16:00:30] [Server-Worker-2/INFO]: Preparing spawn area: 100%
[16:00:30] [Server-Worker-2/INFO]: Preparing spawn area: 100%
[16:00:31] [Server-Worker-2/INFO]: Preparing spawn area: 100%
[16:00:31] [Server-Worker-2/INFO]: Preparing spawn area: 100%
[16:00:32] [Server-Worker-2/INFO]: Preparing spawn area: 100%
[16:00:32] [Server-Worker-2/INFO]: Preparing spawn area: 100%
[16:00:33] [Server-Worker-2/INFO]: Preparing spawn area: 100%
[16:00:34] [Server-Worker-2/INFO]: Preparing spawn area: 100%
[16:00:34] [Server-Worker-2/INFO]: Preparing spawn area: 100%
[16:00:34] [Server-Worker-2/INFO]: Preparing spawn area: 100%
[16:00:35] [Server thread/INFO]: Preparing spawn area: 100%
[16:00:35] [Server-Worker-2/INFO]: Preparing spawn area: 100%
[16:00:36] [Server thread/INFO]: Preparing spawn area: 100%
[16:00:37] [Server thread/INFO]: Preparing spawn area: 100%
[16:00:37] [Server thread/INFO]: Preparing spawn area: 100%
[16:00:38] [Server thread/INFO]: Preparing spawn area: 100%
[16:00:38] [Server-Worker-2/INFO]: Preparing spawn area: 100%
[16:00:38] [Server-Worker-2/INFO]: Preparing spawn area: 100%
[16:00:39] [Server-Worker-2/INFO]: Preparing spawn area: 100%
[16:00:39] [Server-Worker-2/INFO]: Preparing spawn area: 100%
[16:00:40] [Server-Worker-2/INFO]: Preparing spawn area: 100%
[16:00:40] [Server-Worker-2/INFO]: Preparing spawn area: 100%
[16:00:41] [Server-Worker-2/INFO]: Preparing spawn area: 100%
[16:00:41] [Server thread/INFO]: Loaded 0 spawn chunks for world world
[16:00:41] [Server thread/INFO]: Time elapsed: 66762 ms
[16:00:41] [Server thread/INFO]: Preparing start region for dimension minecraft:the_nether
[16:00:42] [Server thread/INFO]: Preparing spawn area: 0%
[16:00:42] [Server thread/INFO]: Preparing spawn area: 0%
[16:00:42] [Server thread/INFO]: Preparing spawn area: 0%
[16:00:43] [Server thread/INFO]: Preparing spawn area: 0%
[16:00:43] [Server thread/INFO]: Preparing spawn area: 1%
[16:00:44] [Server thread/INFO]: Preparing spawn area: 3%
[16:00:44] [Server thread/INFO]: Preparing spawn area: 3%
[16:00:45] [Server thread/INFO]: Preparing spawn area: 7%
[16:00:45] [Server thread/INFO]: Preparing spawn area: 7%
[16:00:46] [Server thread/INFO]: Preparing spawn area: 17%
[16:00:46] [Server thread/INFO]: Preparing spawn area: 24%
[16:00:47] [Server thread/INFO]: Preparing spawn area: 29%
[16:00:47] [Server thread/INFO]: Preparing spawn area: 32%
[16:00:48] [Server thread/INFO]: Preparing spawn area: 36%
[16:00:48] [Server thread/INFO]: Preparing spawn area: 46%
[16:00:49] [Server thread/INFO]: Preparing spawn area: 55%
[16:00:49] [Server-Worker-2/INFO]: Preparing spawn area: 100%
[16:00:50] [Server-Worker-2/INFO]: Preparing spawn area: 100%
[16:00:50] [Server-Worker-2/INFO]: Preparing spawn area: 100%
[16:00:51] [Server-Worker-2/INFO]: Preparing spawn area: 100%
[16:00:51] [Server-Worker-2/INFO]: Preparing spawn area: 100%
[16:00:52] [Server-Worker-2/INFO]: Preparing spawn area: 100%
[16:00:52] [Server-Worker-2/INFO]: Preparing spawn area: 100%
[16:00:53] [Server-Worker-2/INFO]: Preparing spawn area: 100%
[16:00:53] [Server-Worker-2/INFO]: Preparing spawn area: 100%
[16:00:54] [Server-Worker-2/INFO]: Preparing spawn area: 100%
[16:00:54] [Server-Worker-2/INFO]: Preparing spawn area: 100%
[16:00:55] [Server-Worker-2/INFO]: Preparing spawn area: 100%
[16:00:55] [Server-Worker-2/INFO]: Preparing spawn area: 100%
[16:00:56] [Server-Worker-2/INFO]: Preparing spawn area: 100%
[16:00:56] [Server-Worker-2/INFO]: Preparing spawn area: 100%
[16:00:57] [Server-Worker-2/INFO]: Preparing spawn area: 100%
[16:00:57] [Server-Worker-2/INFO]: Preparing spawn area: 100%
[16:00:58] [Server-Worker-2/INFO]: Preparing spawn area: 100%
[16:00:58] [Server-Worker-2/INFO]: Preparing spawn area: 100%
[16:00:59] [Server-Worker-2/INFO]: Preparing spawn area: 100%
[16:00:59] [Server-Worker-2/INFO]: Preparing spawn area: 100%
[16:01:00] [Server-Worker-2/INFO]: Preparing spawn area: 100%
[16:01:00] [Server-Worker-2/INFO]: Preparing spawn area: 100%
[16:01:01] [Server-Worker-2/INFO]: Preparing spawn area: 100%
[16:01:01] [Server-Worker-2/INFO]: Preparing spawn area: 100%
[16:01:02] [Server-Worker-2/INFO]: Preparing spawn area: 100%
[16:01:02] [Server-Worker-2/INFO]: Preparing spawn area: 100%
[16:01:03] [Server-Worker-2/INFO]: Preparing spawn area: 100%
[16:01:03] [Server-Worker-2/INFO]: Preparing spawn area: 100%
[16:01:04] [Server-Worker-2/INFO]: Preparing spawn area: 100%
[16:01:04] [Server-Worker-2/INFO]: Preparing spawn area: 100%
[16:01:05] [Server-Worker-2/INFO]: Preparing spawn area: 100%
[16:01:05] [Server-Worker-2/INFO]: Preparing spawn area: 100%
[16:01:06] [Server-Worker-2/INFO]: Preparing spawn area: 100%
[16:01:06] [Server-Worker-2/INFO]: Preparing spawn area: 100%
[16:01:06] [Server thread/INFO]: Loaded 0 spawn chunks for world world_nether
[16:01:06] [Server thread/INFO]: Time elapsed: 25230 ms
[16:01:06] [Server thread/INFO]: Preparing start region for dimension minecraft:the_end
[16:01:11] [Server thread/INFO]: Preparing spawn area: 0%
[16:01:11] [Server thread/INFO]: Preparing spawn area: 0%
[16:01:11] [Server thread/INFO]: Preparing spawn area: 0%
[16:01:11] [Server thread/INFO]: Preparing spawn area: 0%
[16:01:11] [Server thread/INFO]: Preparing spawn area: 0%
[16:01:11] [Server thread/INFO]: Preparing spawn area: 0%
[16:01:11] [Server thread/INFO]: Preparing spawn area: 0%
[16:01:11] [Server thread/INFO]: Preparing spawn area: 0%
[16:01:11] [Server thread/INFO]: Preparing spawn area: 0%
[16:01:11] [Server thread/INFO]: Preparing spawn area: 0%
[16:01:11] [Server thread/INFO]: Preparing spawn area: 0%
[16:01:12] [Server thread/INFO]: Preparing spawn area: 1%
[16:01:12] [Server thread/INFO]: Preparing spawn area: 5%
[16:01:13] [Server thread/INFO]: Preparing spawn area: 32%
[16:01:13] [Server thread/INFO]: Preparing spawn area: 54%
[16:01:14] [Server thread/INFO]: Preparing spawn area: 61%
[16:01:14] [Server-Worker-2/INFO]: Preparing spawn area: 100%
[16:01:15] [Server-Worker-2/INFO]: Preparing spawn area: 100%
[16:01:15] [Server-Worker-2/INFO]: Preparing spawn area: 100%
[16:01:16] [Server-Worker-2/INFO]: Preparing spawn area: 100%
[16:01:16] [Server-Worker-2/INFO]: Preparing spawn area: 100%
[16:01:17] [Server-Worker-2/INFO]: Preparing spawn area: 100%
[16:01:17] [Server thread/INFO]: Preparing spawn area: 100%
[16:01:18] [Server-Worker-2/INFO]: Preparing spawn area: 100%
[16:01:18] [Server thread/INFO]: Loaded 0 spawn chunks for world world_the_end
[16:01:18] [Server thread/INFO]: Time elapsed: 11974 ms
[16:01:19] [Server thread/INFO]: Starting remote control listener
[16:01:19] [Server thread/INFO]: Thread RCON Listener started
[16:01:19] [RCON Listener #1/INFO]: RCON running on 0.0.0.0:1026
[16:01:19] [Server thread/INFO]: Running delayed init tasks
[16:01:19] [Server thread/INFO]: Done (114.393s)! For help, type "help"
[16:01:19] [Server thread/INFO]: Timings Reset
[16:01:25] [Server thread/WARN]: Can't keep up! Is the server overloaded? Running 5119ms or 102 ticks behind
